2018-04-02 19:04:31.476 [main] INFO  com.spider.Application - logger test
2018-04-02 19:09:05.459 [main] INFO  com.spider.Application - logger test
2018-04-02 19:09:05.461 [main] ERROR com.spider.Application - 占位符测试:{1},{2},请查看最新的class属性. 
2018-04-02 19:09:19.987 [main] INFO  com.spider.Application - logger test
2018-04-02 19:09:19.990 [main] ERROR com.spider.Application - 占位符测试:a,b,请查看最新的class属性. 
2018-04-02 19:09:48.036 [main] INFO  com.spider.Application - logger test
2018-04-02 19:09:48.039 [main] ERROR com.spider.Application - 占位符测试:a,b,请查看最新的class属性. 
2018-04-02 19:13:23.647 [main] ERROR com.spider.ParseMusic163 - 网易云音乐解析table的class已经不是:m-table,请查看最新的class属性. 
2018-04-02 19:14:04.687 [main] ERROR com.spider.ParseMusic163 - 网易云音乐解析table的class已经不是:m-table,请查看最新的class属性. 
2018-04-02 19:15:38.024 [main] INFO  com.spider.ParseMusic163 - 通过class属性找到了1个播放列表.
2018-04-02 19:15:38.031 [main] INFO  com.spider.ParseMusic163 - 通过class属性找到了唯一的播放列表!解析播放列表成功!
2018-04-02 19:25:21.187 [main] INFO  com.spider.ParseMusic163 - 通过class属性找到了1个播放列表.
2018-04-02 19:25:21.192 [main] INFO  com.spider.ParseMusic163 - 通过class属性找到了唯一的播放列表!解析播放列表成功!
2018-04-02 19:28:06.384 [main] INFO  com.spider.ParseMusic163 - 通过class属性找到了1个播放列表.
2018-04-02 19:28:06.390 [main] INFO  com.spider.ParseMusic163 - 通过class属性找到了唯一的播放列表!解析播放列表成功!
2018-04-02 19:29:43.606 [main] INFO  com.spider.ParseMusic163 - 通过class属性找到了1个播放列表.
2018-04-02 19:29:43.618 [main] INFO  com.spider.ParseMusic163 - 通过class属性找到了唯一的播放列表!解析播放列表成功!
2018-04-02 19:33:05.895 [main] INFO  com.spider.ParseMusic163 - 通过class属性找到了1个播放列表.
2018-04-02 19:33:05.902 [main] INFO  com.spider.ParseMusic163 - 通过class属性找到了唯一的播放列表!解析播放列表成功!
2018-04-02 19:34:30.384 [main] INFO  com.spider.ParseMusic163 - 通过class属性找到了1个播放列表.
2018-04-02 19:34:30.394 [main] INFO  com.spider.ParseMusic163 - 通过class属性找到了唯一的播放列表!解析播放列表成功!
2018-04-02 19:40:45.091 [main] INFO  com.spider.ParseMusic163 - 通过class属性找到了1个播放列表.
2018-04-02 19:40:45.097 [main] INFO  com.spider.ParseMusic163 - 通过class属性找到了唯一的播放列表!解析播放列表成功!
2018-04-02 19:40:45.101 [main] INFO  com.spider.ParseMusic163 - 野花  
2018-04-02 19:40:45.101 [main] INFO  com.spider.ParseMusic163 - 三月里的小雨  
2018-04-02 19:40:45.101 [main] INFO  com.spider.ParseMusic163 - 走着走着就散了  
2018-04-02 19:40:45.101 [main] INFO  com.spider.ParseMusic163 - 朋友的酒  
2018-04-02 19:40:45.102 [main] INFO  com.spider.ParseMusic163 - 香水有毒 - (电影《羞羞的铁拳》插曲)  
2018-04-02 19:40:45.102 [main] INFO  com.spider.ParseMusic163 - 做你的雪莲  
2018-04-02 19:40:45.102 [main] INFO  com.spider.ParseMusic163 - 迷茫的爱  
2018-04-02 19:40:45.102 [main] INFO  com.spider.ParseMusic163 - 无奈的思绪  
2018-04-02 19:40:45.102 [main] INFO  com.spider.ParseMusic163 - 高原蓝  
2018-04-02 19:40:45.102 [main] INFO  com.spider.ParseMusic163 - 伤心的时候可以听情歌  
2018-04-02 19:40:45.102 [main] INFO  com.spider.ParseMusic163 - 有没有人告诉你  
2018-04-02 19:40:45.102 [main] INFO  com.spider.ParseMusic163 - 火柴天堂  
2018-04-02 19:40:45.102 [main] INFO  com.spider.ParseMusic163 - 走天涯  
2018-04-02 19:40:45.102 [main] INFO  com.spider.ParseMusic163 - 鸿雁  
2018-04-02 19:40:45.103 [main] INFO  com.spider.ParseMusic163 - 当我孤独时还可以抱你  
2018-04-02 19:40:45.104 [main] INFO  com.spider.ParseMusic163 - 你的样子  
2018-04-02 19:40:45.104 [main] INFO  com.spider.ParseMusic163 - 海浪  
2018-04-02 19:40:45.104 [main] INFO  com.spider.ParseMusic163 - 海浪  
2018-04-02 19:40:45.105 [main] INFO  com.spider.ParseMusic163 - 等一分钟（Cover 徐誉滕）  
2018-04-02 19:40:45.106 [main] INFO  com.spider.ParseMusic163 - 西海情歌  
2018-04-02 19:40:45.106 [main] INFO  com.spider.ParseMusic163 - 兄弟抱一下  
2018-04-02 19:40:45.106 [main] INFO  com.spider.ParseMusic163 - 最幸福的人 DJ版  
2018-04-02 19:40:45.106 [main] INFO  com.spider.ParseMusic163 - 回忆总想哭  
2018-04-02 19:40:45.106 [main] INFO  com.spider.ParseMusic163 - 多想把你抱住  
2018-04-02 19:40:45.106 [main] INFO  com.spider.ParseMusic163 - 空空如也   
2018-04-02 19:40:45.107 [main] INFO  com.spider.ParseMusic163 - 起风了（Cover 高橋優）  
2018-04-02 19:40:45.107 [main] INFO  com.spider.ParseMusic163 - 愿做菩萨那朵莲  
2018-04-02 19:40:45.107 [main] INFO  com.spider.ParseMusic163 - 守候在凌晨两点的伤心秀吧  
2018-04-02 19:40:45.107 [main] INFO  com.spider.ParseMusic163 - 冲动的惩罚  
2018-04-02 19:40:45.107 [main] INFO  com.spider.ParseMusic163 - 听着情歌流眼泪  
2018-04-02 19:40:45.108 [main] INFO  com.spider.ParseMusic163 - 追光者（Cover 岑宁儿）  
2018-04-02 19:40:45.111 [main] INFO  com.spider.ParseMusic163 - 假如  
2018-04-02 19:40:45.111 [main] INFO  com.spider.ParseMusic163 - 风吹麦浪  
2018-04-02 19:42:03.501 [main] INFO  com.spider.ParseMusic163 - 通过class属性找到了1个播放列表.
2018-04-02 19:42:03.511 [main] INFO  com.spider.ParseMusic163 - 通过class属性找到了唯一的播放列表!解析播放列表成功!
2018-04-02 19:42:05.292 [main] INFO  com.spider.ParseMusic163 - 野花  
2018-04-02 19:42:05.297 [main] INFO  com.spider.ParseMusic163 - 三月里的小雨  
2018-04-02 19:42:05.298 [main] INFO  com.spider.ParseMusic163 - 走着走着就散了  
2018-04-02 19:42:05.299 [main] INFO  com.spider.ParseMusic163 - 朋友的酒  
2018-04-02 19:42:05.299 [main] INFO  com.spider.ParseMusic163 - 香水有毒 - (电影《羞羞的铁拳》插曲)  
2018-04-02 19:42:05.299 [main] INFO  com.spider.ParseMusic163 - 做你的雪莲  
2018-04-02 19:42:05.300 [main] INFO  com.spider.ParseMusic163 - 迷茫的爱  
2018-04-02 19:42:05.300 [main] INFO  com.spider.ParseMusic163 - 无奈的思绪  
2018-04-02 19:42:05.300 [main] INFO  com.spider.ParseMusic163 - 高原蓝  
2018-04-02 19:42:05.302 [main] INFO  com.spider.ParseMusic163 - 伤心的时候可以听情歌  
2018-04-02 19:42:05.303 [main] INFO  com.spider.ParseMusic163 - 有没有人告诉你  
2018-04-02 19:42:05.303 [main] INFO  com.spider.ParseMusic163 - 火柴天堂  
2018-04-02 19:42:05.304 [main] INFO  com.spider.ParseMusic163 - 走天涯  
2018-04-02 19:42:05.305 [main] INFO  com.spider.ParseMusic163 - 鸿雁  
2018-04-02 19:42:05.306 [main] INFO  com.spider.ParseMusic163 - 当我孤独时还可以抱你  
2018-04-02 19:42:05.306 [main] INFO  com.spider.ParseMusic163 - 你的样子  
2018-04-02 19:42:05.306 [main] INFO  com.spider.ParseMusic163 - 海浪  
2018-04-02 19:42:05.308 [main] INFO  com.spider.ParseMusic163 - 海浪  
2018-04-02 19:42:05.316 [main] INFO  com.spider.ParseMusic163 - 等一分钟（Cover 徐誉滕）  
2018-04-02 19:42:05.316 [main] INFO  com.spider.ParseMusic163 - 西海情歌  
2018-04-02 19:42:05.316 [main] INFO  com.spider.ParseMusic163 - 兄弟抱一下  
2018-04-02 19:42:05.316 [main] INFO  com.spider.ParseMusic163 - 最幸福的人 DJ版  
2018-04-02 19:42:05.316 [main] INFO  com.spider.ParseMusic163 - 回忆总想哭  
2018-04-02 19:42:05.316 [main] INFO  com.spider.ParseMusic163 - 多想把你抱住  
2018-04-02 19:42:05.316 [main] INFO  com.spider.ParseMusic163 - 空空如也   
2018-04-02 19:42:05.317 [main] INFO  com.spider.ParseMusic163 - 起风了（Cover 高橋優）  
2018-04-02 19:42:05.317 [main] INFO  com.spider.ParseMusic163 - 愿做菩萨那朵莲  
2018-04-02 19:42:05.317 [main] INFO  com.spider.ParseMusic163 - 守候在凌晨两点的伤心秀吧  
2018-04-02 19:42:05.318 [main] INFO  com.spider.ParseMusic163 - 冲动的惩罚  
2018-04-02 19:42:05.318 [main] INFO  com.spider.ParseMusic163 - 听着情歌流眼泪  
2018-04-02 19:42:05.319 [main] INFO  com.spider.ParseMusic163 - 追光者（Cover 岑宁儿）  
2018-04-02 19:42:05.320 [main] INFO  com.spider.ParseMusic163 - 假如  
2018-04-02 19:42:05.320 [main] INFO  com.spider.ParseMusic163 - 风吹麦浪  
2018-04-02 19:42:10.557 [main] INFO  com.spider.ParseMusic163 - 通过class属性找到了1个播放列表.
2018-04-02 19:42:10.562 [main] INFO  com.spider.ParseMusic163 - 通过class属性找到了唯一的播放列表!解析播放列表成功!
2018-04-02 19:43:30.850 [main] INFO  com.spider.ParseMusic163 - 野花  
2018-04-02 19:43:30.851 [main] INFO  com.spider.ParseMusic163 - 三月里的小雨  
2018-04-02 19:43:30.853 [main] INFO  com.spider.ParseMusic163 - 走着走着就散了  
2018-04-02 19:43:30.853 [main] INFO  com.spider.ParseMusic163 - 朋友的酒  
2018-04-02 19:43:30.853 [main] INFO  com.spider.ParseMusic163 - 香水有毒 - (电影《羞羞的铁拳》插曲)  
2018-04-02 19:43:30.853 [main] INFO  com.spider.ParseMusic163 - 做你的雪莲  
2018-04-02 19:43:30.854 [main] INFO  com.spider.ParseMusic163 - 迷茫的爱  
2018-04-02 19:43:30.854 [main] INFO  com.spider.ParseMusic163 - 无奈的思绪  
2018-04-02 19:43:30.854 [main] INFO  com.spider.ParseMusic163 - 高原蓝  
2018-04-02 19:43:30.854 [main] INFO  com.spider.ParseMusic163 - 伤心的时候可以听情歌  
2018-04-02 19:43:30.854 [main] INFO  com.spider.ParseMusic163 - 有没有人告诉你  
2018-04-02 19:43:30.854 [main] INFO  com.spider.ParseMusic163 - 火柴天堂  
2018-04-02 19:43:30.854 [main] INFO  com.spider.ParseMusic163 - 走天涯  
2018-04-02 19:43:30.854 [main] INFO  com.spider.ParseMusic163 - 鸿雁  
2018-04-02 19:43:30.855 [main] INFO  com.spider.ParseMusic163 - 当我孤独时还可以抱你  
2018-04-02 19:43:30.857 [main] INFO  com.spider.ParseMusic163 - 你的样子  
2018-04-02 19:43:30.857 [main] INFO  com.spider.ParseMusic163 - 海浪  
2018-04-02 19:43:30.858 [main] INFO  com.spider.ParseMusic163 - 海浪  
2018-04-02 19:43:30.858 [main] INFO  com.spider.ParseMusic163 - 等一分钟（Cover 徐誉滕）  
2018-04-02 19:43:30.858 [main] INFO  com.spider.ParseMusic163 - 西海情歌  
2018-04-02 19:43:30.858 [main] INFO  com.spider.ParseMusic163 - 兄弟抱一下  
2018-04-02 19:43:30.858 [main] INFO  com.spider.ParseMusic163 - 最幸福的人 DJ版  
2018-04-02 19:43:30.858 [main] INFO  com.spider.ParseMusic163 - 回忆总想哭  
2018-04-02 19:43:30.858 [main] INFO  com.spider.ParseMusic163 - 多想把你抱住  
2018-04-02 19:43:30.858 [main] INFO  com.spider.ParseMusic163 - 空空如也   
2018-04-02 19:43:30.858 [main] INFO  com.spider.ParseMusic163 - 起风了（Cover 高橋優）  
2018-04-02 19:43:30.859 [main] INFO  com.spider.ParseMusic163 - 愿做菩萨那朵莲  
2018-04-02 19:43:30.859 [main] INFO  com.spider.ParseMusic163 - 守候在凌晨两点的伤心秀吧  
2018-04-02 19:43:30.859 [main] INFO  com.spider.ParseMusic163 - 冲动的惩罚  
2018-04-02 19:43:30.859 [main] INFO  com.spider.ParseMusic163 - 听着情歌流眼泪  
2018-04-02 19:43:30.860 [main] INFO  com.spider.ParseMusic163 - 追光者（Cover 岑宁儿）  
2018-04-02 19:43:30.860 [main] INFO  com.spider.ParseMusic163 - 假如  
2018-04-02 19:43:30.860 [main] INFO  com.spider.ParseMusic163 - 风吹麦浪  
2018-04-02 19:43:48.776 [main] INFO  com.spider.ParseMusic163 - 通过class属性找到了1个播放列表.
2018-04-02 19:43:48.782 [main] INFO  com.spider.ParseMusic163 - 通过class属性找到了唯一的播放列表!解析播放列表成功!
2018-04-02 19:44:01.643 [main] INFO  com.spider.ParseMusic163 - 野花  田震
2018-04-02 19:44:21.915 [main] INFO  com.spider.ParseMusic163 - 三月里的小雨  杨钰莹
2018-04-02 19:44:23.595 [main] INFO  com.spider.ParseMusic163 - 走着走着就散了  菟菟彩
2018-04-02 19:44:24.339 [main] INFO  com.spider.ParseMusic163 - 朋友的酒  李晓杰
2018-04-02 19:44:25.011 [main] INFO  com.spider.ParseMusic163 - 香水有毒 - (电影《羞羞的铁拳》插曲)  桂莹莹
2018-04-02 19:44:25.597 [main] INFO  com.spider.ParseMusic163 - 做你的雪莲  艾歌
2018-04-02 19:44:26.179 [main] INFO  com.spider.ParseMusic163 - 迷茫的爱  郑玲
2018-04-02 19:44:26.709 [main] INFO  com.spider.ParseMusic163 - 无奈的思绪  肖洋
2018-04-02 19:44:27.220 [main] INFO  com.spider.ParseMusic163 - 高原蓝  乌兰托娅
2018-04-02 19:44:27.722 [main] INFO  com.spider.ParseMusic163 - 伤心的时候可以听情歌  小欢
2018-04-02 19:44:28.195 [main] INFO  com.spider.ParseMusic163 - 有没有人告诉你  群星
2018-04-02 19:44:28.660 [main] INFO  com.spider.ParseMusic163 - 火柴天堂  齐秦
2018-04-02 19:44:29.076 [main] INFO  com.spider.ParseMusic163 - 走天涯  叶贝文
2018-04-02 19:44:29.515 [main] INFO  com.spider.ParseMusic163 - 鸿雁  降央卓玛
2018-04-02 19:44:29.940 [main] INFO  com.spider.ParseMusic163 - 当我孤独时还可以抱你  郑源
2018-04-02 19:44:30.371 [main] INFO  com.spider.ParseMusic163 - 你的样子  罗大佑
2018-04-02 19:44:30.876 [main] INFO  com.spider.ParseMusic163 - 海浪  黄品源
2018-04-02 19:44:31.282 [main] INFO  com.spider.ParseMusic163 - 海浪  张玮伽
2018-04-02 19:44:31.659 [main] INFO  com.spider.ParseMusic163 - 等一分钟（Cover 徐誉滕）  陈思远
2018-04-02 19:44:31.996 [main] INFO  com.spider.ParseMusic163 - 西海情歌  刀郎
2018-04-02 19:44:32.267 [main] INFO  com.spider.ParseMusic163 - 兄弟抱一下  庞龙
2018-04-02 19:44:32.506 [main] INFO  com.spider.ParseMusic163 - 最幸福的人 DJ版  曾春年
2018-04-02 19:44:32.723 [main] INFO  com.spider.ParseMusic163 - 回忆总想哭  白宁/姜玉阳
2018-04-02 19:44:32.948 [main] INFO  com.spider.ParseMusic163 - 多想把你抱住  高进
2018-04-02 19:44:33.156 [main] INFO  com.spider.ParseMusic163 - 空空如也   任然
2018-04-02 19:44:33.347 [main] INFO  com.spider.ParseMusic163 - 起风了（Cover 高橋優）  买辣椒也用券
2018-04-02 19:44:33.548 [main] INFO  com.spider.ParseMusic163 - 愿做菩萨那朵莲  梅朵
2018-04-02 19:44:33.747 [main] INFO  com.spider.ParseMusic163 - 守候在凌晨两点的伤心秀吧  刀郎
2018-04-02 19:44:33.964 [main] INFO  com.spider.ParseMusic163 - 冲动的惩罚  刀郎
2018-04-02 19:44:34.181 [main] INFO  com.spider.ParseMusic163 - 听着情歌流眼泪  高进
2018-04-02 19:44:34.403 [main] INFO  com.spider.ParseMusic163 - 追光者（Cover 岑宁儿）  伦桑
2018-04-02 19:44:34.628 [main] INFO  com.spider.ParseMusic163 - 假如  信乐团
2018-04-02 19:44:34.859 [main] INFO  com.spider.ParseMusic163 - 风吹麦浪  李健/孙俪
2018-04-02 19:44:35.060 [main] INFO  com.spider.ParseMusic163 - 小宝贝快快睡  时翔云
2018-04-02 19:44:35.299 [main] INFO  com.spider.ParseMusic163 - 爱上你等于爱上错  张振宇
2018-04-02 19:44:35.490 [main] INFO  com.spider.ParseMusic163 - 夜空中最亮的星  逃跑计划
2018-04-02 19:44:35.989 [main] INFO  com.spider.ParseMusic163 - 差不多先生  姜良升
2018-04-02 19:44:36.025 [main] INFO  com.spider.ParseMusic163 - 差不多先生 (Live) - live  华晨宇
2018-04-02 19:44:36.057 [main] INFO  com.spider.ParseMusic163 - 当我孤独的时候还可以抱着你  群星
2018-04-02 19:44:36.092 [main] INFO  com.spider.ParseMusic163 - 离别的秋天  群星
2018-04-02 19:44:36.133 [main] INFO  com.spider.ParseMusic163 - 蓝莲花  许巍
2018-04-02 19:44:36.156 [main] INFO  com.spider.ParseMusic163 - 如果这都不算爱  张学友
2018-04-02 19:44:36.198 [main] INFO  com.spider.ParseMusic163 - 问天问地问自己  陈雅森
2018-04-02 19:44:36.223 [main] INFO  com.spider.ParseMusic163 - 用心良苦  张宇
2018-04-02 19:44:36.263 [main] INFO  com.spider.ParseMusic163 - 雨一直下 - (台视《情深到来生》片头主题曲)  张宇
2018-04-02 19:44:36.288 [main] INFO  com.spider.ParseMusic163 - 你会爱我到什么时候（Cover：陶钰玉）  林伊婕
2018-04-02 19:44:36.321 [main] INFO  com.spider.ParseMusic163 - 情一动心就痛  海生
2018-04-02 19:44:36.356 [main] INFO  com.spider.ParseMusic163 - 伤心的歌  高进
2018-04-02 19:44:36.386 [main] INFO  com.spider.ParseMusic163 - 黄玫瑰  黄灿
2018-04-02 19:44:36.419 [main] INFO  com.spider.ParseMusic163 - 父亲的草原母亲的河  云飞
2018-04-02 19:44:36.453 [main] INFO  com.spider.ParseMusic163 - 红昭愿  音阙诗听
2018-04-02 19:44:36.491 [main] INFO  com.spider.ParseMusic163 - 你 - (《孝庄秘史》主题曲)  刘晓
2018-04-02 19:44:36.538 [main] INFO  com.spider.ParseMusic163 - 天生一对 (DJ版)  天孪兄弟
2018-04-02 19:44:36.557 [main] INFO  com.spider.ParseMusic163 - 青青河边草 - (电视剧《青青河边草》主题曲)  高胜美
2018-04-02 19:44:36.586 [main] INFO  com.spider.ParseMusic163 - 草原的月亮  云飞
2018-04-02 19:44:36.617 [main] INFO  com.spider.ParseMusic163 - 遇上你是我的缘   阿鲁阿卓
2018-04-02 19:44:36.650 [main] INFO  com.spider.ParseMusic163 - 爱本无罪  汤潮/岳思思
2018-04-02 19:44:36.682 [main] INFO  com.spider.ParseMusic163 - 当我孤单的时候还可以抱着你  郑源
2018-04-02 19:44:36.717 [main] INFO  com.spider.ParseMusic163 - 火火的姑娘  东方红艳
2018-04-02 19:44:36.748 [main] INFO  com.spider.ParseMusic163 - 天籁之爱  阿鲁阿卓/泽旺多吉
2018-04-02 19:44:36.783 [main] INFO  com.spider.ParseMusic163 - 黄玫瑰  群星
2018-04-02 19:44:36.824 [main] INFO  com.spider.ParseMusic163 - 我们的歌谣  张玮伽
2018-04-02 19:44:36.858 [main] INFO  com.spider.ParseMusic163 - 你把爱情给了谁  冷漠
2018-04-02 19:44:36.881 [main] INFO  com.spider.ParseMusic163 - 怨苍天变了心  米雅
2018-04-02 19:44:36.916 [main] INFO  com.spider.ParseMusic163 - 心锁  冷漠
2018-04-02 19:44:36.961 [main] INFO  com.spider.ParseMusic163 - 爱江山更爱美人 (Live)  李丽芬
2018-04-02 19:44:36.980 [main] INFO  com.spider.ParseMusic163 - 一起走天涯   唐薇/樊少华
2018-04-02 19:44:37.012 [main] INFO  com.spider.ParseMusic163 - 一物降一物  门丽
2018-04-02 19:44:37.055 [main] INFO  com.spider.ParseMusic163 - 我的快乐就是想你  黄平
2018-04-02 19:44:37.078 [main] INFO  com.spider.ParseMusic163 - 全世界最伤心的人  陈少华
2018-04-02 19:44:37.111 [main] INFO  com.spider.ParseMusic163 - 你的选择  易欣
2018-04-02 19:44:37.146 [main] INFO  com.spider.ParseMusic163 - 算你狠  群星
2018-04-02 19:44:37.186 [main] INFO  com.spider.ParseMusic163 - 火红的萨日朗(夏日激情版)  乌兰托娅
2018-04-02 19:44:37.213 [main] INFO  com.spider.ParseMusic163 - 爱上别人的人  符号
2018-04-02 19:44:37.246 [main] INFO  com.spider.ParseMusic163 - 窗外  李琛
2018-04-02 19:44:37.277 [main] INFO  com.spider.ParseMusic163 - 我要去西藏  乌兰托娅
2018-04-02 19:44:37.313 [main] INFO  com.spider.ParseMusic163 - 为你等待  次仁央宗
2018-04-02 19:44:37.353 [main] INFO  com.spider.ParseMusic163 - 爱的思恋  晓敏
2018-04-02 19:44:37.375 [main] INFO  com.spider.ParseMusic163 - 闯天涯  赵真/司徒兰芳
2018-04-02 19:44:37.409 [main] INFO  com.spider.ParseMusic163 - 再多一次的温柔  蓝雨
2018-04-02 19:44:37.443 [main] INFO  com.spider.ParseMusic163 - 爱情在草原  夏兰
2018-04-02 19:44:38.493 [main] INFO  com.spider.ParseMusic163 - 最幸福的人  群星
2018-04-02 19:44:43.108 [main] INFO  com.spider.ParseMusic163 - 疯狂爱爱爱  群星
2018-04-02 19:44:43.108 [main] INFO  com.spider.ParseMusic163 - 生日礼物  江涛
2018-04-02 19:44:43.109 [main] INFO  com.spider.ParseMusic163 - 黄勇-带着天真去流浪（Alex.x Remix） - Alex.x Extended Mix  Alex.x
2018-04-02 19:44:43.109 [main] INFO  com.spider.ParseMusic163 - 再也没有  Ryan.B/AY楊佬叁
2018-04-02 19:44:43.110 [main] INFO  com.spider.ParseMusic163 - 远走高飞  金志文
2018-04-02 19:44:43.110 [main] INFO  com.spider.ParseMusic163 - 喝醉以后才明白  胡派
2018-04-02 19:44:43.110 [main] INFO  com.spider.ParseMusic163 - 歌在飞  苏勒亚其其格
2018-04-02 19:44:43.110 [main] INFO  com.spider.ParseMusic163 - 最后一次的温柔  蓝雨
2018-04-02 19:44:43.111 [main] INFO  com.spider.ParseMusic163 - 拉拉爱  邵雨涵
2018-04-02 19:44:43.111 [main] INFO  com.spider.ParseMusic163 - 笑红尘 - (电视剧《东方不败风云再起》插曲)  杜岩
2018-04-02 19:44:43.112 [main] INFO  com.spider.ParseMusic163 - 我要你 - (电影《驴得水》主题曲)  任素汐
2018-04-02 19:44:43.112 [main] INFO  com.spider.ParseMusic163 - 我不后悔  林志颖
2018-04-02 19:44:43.112 [main] INFO  com.spider.ParseMusic163 - 不管还有多少个明天  初百军
2018-04-02 19:44:43.113 [main] INFO  com.spider.ParseMusic163 - 酒神曲 - (电影《红高粱》插曲)  邹军
2018-04-02 19:44:43.113 [main] INFO  com.spider.ParseMusic163 - 爱情这杯酒谁喝都得醉 - (新版《古村女人》片尾曲)  闫旭
2018-04-02 19:44:43.113 [main] INFO  com.spider.ParseMusic163 - 被伤过的心还可以爱谁  六哲
2018-04-02 19:44:43.113 [main] INFO  com.spider.ParseMusic163 - 累了走了散了  六哲
2018-04-02 19:44:43.113 [main] INFO  com.spider.ParseMusic163 - 爱情专属权  龙猫组合
2018-04-02 19:44:43.113 [main] INFO  com.spider.ParseMusic163 - 想起你心里就暖暖的  张师羽
2018-04-02 19:44:43.113 [main] INFO  com.spider.ParseMusic163 - 梦醒时分  米雅
2018-04-02 19:44:43.113 [main] INFO  com.spider.ParseMusic163 - 爱上你等于爱上了错  张振宇
2018-04-02 19:44:43.113 [main] INFO  com.spider.ParseMusic163 - 盗心贼  黑龙
2018-04-02 19:44:43.113 [main] INFO  com.spider.ParseMusic163 - 羞答答的玫瑰静悄悄地开  方奕
2018-04-02 19:44:43.113 [main] INFO  com.spider.ParseMusic163 - Dream It Possible  Delacey
2018-04-02 19:44:43.114 [main] INFO  com.spider.ParseMusic163 - 真不是闹着玩  张冬玲/冷漠
2018-04-02 19:44:43.114 [main] INFO  com.spider.ParseMusic163 - 走过咖啡屋  米雅
2018-04-02 19:44:43.114 [main] INFO  com.spider.ParseMusic163 - 寂寞的人伤心的歌  龙梅子/杨海彪
2018-04-02 19:44:43.114 [main] INFO  com.spider.ParseMusic163 - 没了心的爱  任盈盈
2018-04-02 19:44:43.114 [main] INFO  com.spider.ParseMusic163 - 再度重相逢  孙露
2018-04-02 19:44:43.115 [main] INFO  com.spider.ParseMusic163 - 爱如星火  杨小曼
2018-04-02 19:44:43.115 [main] INFO  com.spider.ParseMusic163 - 孤单坠爱  林音
2018-04-02 19:44:43.115 [main] INFO  com.spider.ParseMusic163 - 迎着风（DJ版）  绪尘
2018-04-02 19:44:43.115 [main] INFO  com.spider.ParseMusic163 - 痒  黄龄
2018-04-02 19:44:43.115 [main] INFO  com.spider.ParseMusic163 - 都是兄弟 (DJ版)  浩天
2018-04-02 19:44:43.115 [main] INFO  com.spider.ParseMusic163 - 啷个哩个啷  鹏泊
2018-04-02 19:44:43.115 [main] INFO  com.spider.ParseMusic163 - 七月上  Jam
2018-04-02 19:44:43.115 [main] INFO  com.spider.ParseMusic163 - 匆匆那年 - (Fleet of Time)  王菲
2018-04-02 19:44:43.115 [main] INFO  com.spider.ParseMusic163 - 我是不是你最疼爱的人  张蔷
2018-04-02 19:44:43.115 [main] INFO  com.spider.ParseMusic163 - 风中有朵雨做的云  孟庭苇
2018-04-02 19:44:43.115 [main] INFO  com.spider.ParseMusic163 - 最亲爱亲爱的老婆  江湖
2018-04-02 19:44:43.115 [main] INFO  com.spider.ParseMusic163 - 懂你  满文军
2018-04-02 19:44:43.115 [main] INFO  com.spider.ParseMusic163 - 苦咖啡  冷漠
2018-04-02 19:44:43.115 [main] INFO  com.spider.ParseMusic163 - 不要再来伤害我  张振宇
2018-04-02 19:44:43.115 [main] INFO  com.spider.ParseMusic163 - 做你心上的人 - (微电影《下半生的幸福》主题曲)  唐古
2018-04-02 19:44:43.116 [main] INFO  com.spider.ParseMusic163 - 我要醉在草原上  孟文豪
2018-04-02 19:44:43.116 [main] INFO  com.spider.ParseMusic163 - 关不上的窗  周传雄
2018-04-02 19:44:43.116 [main] INFO  com.spider.ParseMusic163 - 暧昧  薛之谦
2018-04-02 19:44:43.116 [main] INFO  com.spider.ParseMusic163 - 有没有一首歌会让你想起我  周传雄
2018-04-02 19:44:43.116 [main] INFO  com.spider.ParseMusic163 - 想把我唱给你听  老狼/王婧
2018-04-02 19:44:43.117 [main] INFO  com.spider.ParseMusic163 - 多幸运  韩安旭
2018-04-02 19:44:43.117 [main] INFO  com.spider.ParseMusic163 - 温柔乡  陈雅森
2018-04-02 19:44:43.117 [main] INFO  com.spider.ParseMusic163 - 唱着情歌流着泪  祁隆
2018-04-02 19:44:43.117 [main] INFO  com.spider.ParseMusic163 - 把酒倒满  李晓杰
2018-04-02 19:44:43.117 [main] INFO  com.spider.ParseMusic163 - 让泪化作相思雨  南合文斗
2018-04-02 19:44:43.117 [main] INFO  com.spider.ParseMusic163 - 感动天感动地  宇桐非
2018-04-02 19:44:43.117 [main] INFO  com.spider.ParseMusic163 - 好姑娘  李晓杰
2018-04-02 19:44:43.117 [main] INFO  com.spider.ParseMusic163 - 我是一个被爱伤过的人  林峯
2018-04-02 19:44:43.117 [main] INFO  com.spider.ParseMusic163 - 有一种爱叫做放手  阿木
2018-04-02 19:44:43.117 [main] INFO  com.spider.ParseMusic163 - 一个人的寂寞两个人的错  贺一航
2018-04-02 19:44:43.117 [main] INFO  com.spider.ParseMusic163 - 死心塌地  夹子道
2018-04-02 19:44:43.117 [main] INFO  com.spider.ParseMusic163 - 该死的温柔  马天宇
2018-04-02 19:44:43.117 [main] INFO  com.spider.ParseMusic163 - 精忠报国 - (电视剧《三少爷的剑》片尾曲)  屠洪刚
2018-04-02 19:44:43.117 [main] INFO  com.spider.ParseMusic163 - 霸王别姬  屠洪刚
2018-04-02 19:44:43.117 [main] INFO  com.spider.ParseMusic163 - 月亮惹的祸  张宇
2018-04-02 19:44:43.117 [main] INFO  com.spider.ParseMusic163 - 追梦人  阿木
2018-04-02 19:44:43.117 [main] INFO  com.spider.ParseMusic163 - 漂亮的姑娘就要嫁人了  龙梅子/Mc老猫
2018-04-02 19:44:43.118 [main] INFO  com.spider.ParseMusic163 - 我的中国心  张明敏
2018-04-02 19:44:43.118 [main] INFO  com.spider.ParseMusic163 - 乡间的小路  群星
2018-04-02 19:44:43.118 [main] INFO  com.spider.ParseMusic163 - 童年  罗大佑
2018-04-02 19:44:43.118 [main] INFO  com.spider.ParseMusic163 - 世界上最伤心的人  常艾非
2018-04-02 19:44:43.118 [main] INFO  com.spider.ParseMusic163 - 在那遥远的地方  刀郎
2018-04-02 19:44:43.118 [main] INFO  com.spider.ParseMusic163 - 敢问路在何方  刀郎
2018-04-02 19:44:43.118 [main] INFO  com.spider.ParseMusic163 - 一千个伤心的理由  张学友
2018-04-02 19:44:43.118 [main] INFO  com.spider.ParseMusic163 - 黄昏  周传雄
2018-04-02 19:44:43.118 [main] INFO  com.spider.ParseMusic163 - 求佛  誓言
2018-04-02 19:44:43.118 [main] INFO  com.spider.ParseMusic163 - 丁香花  唐磊
2018-04-02 19:44:43.118 [main] INFO  com.spider.ParseMusic163 - 你怎么舍得我难过  黄品源
2018-04-02 19:44:43.118 [main] INFO  com.spider.ParseMusic163 - 你是我的玫瑰花  庞龙
2018-04-02 19:44:43.118 [main] INFO  com.spider.ParseMusic163 - 杯水情歌 - (电视剧《281封信》片尾曲)  庞龙
2018-04-02 19:44:43.118 [main] INFO  com.spider.ParseMusic163 - 美了美了  小沈阳/汤潮
2018-04-02 19:44:43.118 [main] INFO  com.spider.ParseMusic163 - 分手在那个秋天  浩瀚
2018-04-02 19:44:43.118 [main] INFO  com.spider.ParseMusic163 - 花开的时候来看我  张冬玲
2018-04-02 19:44:43.118 [main] INFO  com.spider.ParseMusic163 - 羞答答的玫瑰静悄悄地开  孟庭苇
2018-04-02 19:44:43.118 [main] INFO  com.spider.ParseMusic163 - 童话镇  陈一发儿
2018-04-02 19:44:43.119 [main] INFO  com.spider.ParseMusic163 - 曾经的你  许巍
2018-04-02 19:44:43.119 [main] INFO  com.spider.ParseMusic163 - 唐人 - (电视剧《唐朝好男人》主题曲)  孙子涵
2018-04-02 19:44:43.119 [main] INFO  com.spider.ParseMusic163 - 刚好遇见你  李玉刚
2018-04-02 19:44:43.119 [main] INFO  com.spider.ParseMusic163 - 痴心绝对 - (电视剧《爱上痞子男》主题曲)  李圣杰
2018-04-02 19:44:43.119 [main] INFO  com.spider.ParseMusic163 - 正义之道 - (电视剧《民兵葛二蛋》主题曲)  黄渤
2018-04-02 19:44:43.119 [main] INFO  com.spider.ParseMusic163 - 有多少爱可以重来  迪克牛仔
2018-04-02 19:44:43.119 [main] INFO  com.spider.ParseMusic163 - 一剪梅  费玉清
2018-04-02 19:44:43.119 [main] INFO  com.spider.ParseMusic163 - 爱情买卖 - (原唱：慕容晓晓)  费玉清
2018-04-02 19:44:43.119 [main] INFO  com.spider.ParseMusic163 - 单身情歌  林志炫
2018-04-02 19:44:43.119 [main] INFO  com.spider.ParseMusic163 - 悟空  戴荃
2018-04-02 19:44:43.119 [main] INFO  com.spider.ParseMusic163 - 梦醒时分  伍佰
2018-04-02 19:44:43.119 [main] INFO  com.spider.ParseMusic163 - 突然的自我  伍佰
2018-04-02 19:44:43.119 [main] INFO  com.spider.ParseMusic163 - 康定情歌  宋祖英/周杰伦/周华健
2018-04-02 19:44:43.119 [main] INFO  com.spider.ParseMusic163 - 你的样子  齐秦
2018-04-02 19:44:43.119 [main] INFO  com.spider.ParseMusic163 - 大约在冬季  齐秦
2018-04-02 19:44:43.119 [main] INFO  com.spider.ParseMusic163 - 像风一样自由  许巍
2018-04-02 19:44:43.119 [main] INFO  com.spider.ParseMusic163 - 同桌的你  老狼
2018-04-02 19:44:43.119 [main] INFO  com.spider.ParseMusic163 - 秋天不回来  王强
2018-04-02 19:44:43.119 [main] INFO  com.spider.ParseMusic163 - 把悲伤留给自己  常石磊
2018-04-02 19:44:43.120 [main] INFO  com.spider.ParseMusic163 - 爱情鸟  林依轮
2018-04-02 19:44:43.120 [main] INFO  com.spider.ParseMusic163 - 带着天真去流浪  黄勇
2018-04-02 19:44:43.120 [main] INFO  com.spider.ParseMusic163 - 勇敢勇敢  黄勇
2018-04-02 19:44:43.120 [main] INFO  com.spider.ParseMusic163 - 林中鸟  葛林
2018-04-02 19:44:43.120 [main] INFO  com.spider.ParseMusic163 - 坐上火车去拉萨  徐千雅
2018-04-02 19:44:43.121 [main] INFO  com.spider.ParseMusic163 - 小花  百慕三石
2018-04-02 19:44:50.381 [main] INFO  com.spider.ParseMusic163 - 通过class属性找到了1个播放列表.
2018-04-02 19:44:50.391 [main] INFO  com.spider.ParseMusic163 - 通过class属性找到了唯一的播放列表!解析播放列表成功!
2018-04-02 19:44:50.397 [main] INFO  com.spider.ParseMusic163 - 野花  田震
2018-04-02 19:44:50.398 [main] INFO  com.spider.ParseMusic163 - 三月里的小雨  杨钰莹
2018-04-02 19:44:50.398 [main] INFO  com.spider.ParseMusic163 - 走着走着就散了  菟菟彩
2018-04-02 19:44:50.398 [main] INFO  com.spider.ParseMusic163 - 朋友的酒  李晓杰
2018-04-02 19:44:50.398 [main] INFO  com.spider.ParseMusic163 - 香水有毒 - (电影《羞羞的铁拳》插曲)  桂莹莹
2018-04-02 19:44:50.399 [main] INFO  com.spider.ParseMusic163 - 做你的雪莲  艾歌
2018-04-02 19:44:50.399 [main] INFO  com.spider.ParseMusic163 - 迷茫的爱  郑玲
2018-04-02 19:44:50.399 [main] INFO  com.spider.ParseMusic163 - 无奈的思绪  肖洋
2018-04-02 19:44:50.400 [main] INFO  com.spider.ParseMusic163 - 高原蓝  乌兰托娅
2018-04-02 19:44:50.406 [main] INFO  com.spider.ParseMusic163 - 伤心的时候可以听情歌  小欢
2018-04-02 19:44:50.406 [main] INFO  com.spider.ParseMusic163 - 有没有人告诉你  群星
2018-04-02 19:44:50.407 [main] INFO  com.spider.ParseMusic163 - 火柴天堂  齐秦
2018-04-02 19:44:50.407 [main] INFO  com.spider.ParseMusic163 - 走天涯  叶贝文
2018-04-02 19:44:50.407 [main] INFO  com.spider.ParseMusic163 - 鸿雁  降央卓玛
2018-04-02 19:44:50.408 [main] INFO  com.spider.ParseMusic163 - 当我孤独时还可以抱你  郑源
2018-04-02 19:44:50.409 [main] INFO  com.spider.ParseMusic163 - 你的样子  罗大佑
2018-04-02 19:44:50.409 [main] INFO  com.spider.ParseMusic163 - 海浪  黄品源
2018-04-02 19:44:50.410 [main] INFO  com.spider.ParseMusic163 - 海浪  张玮伽
2018-04-02 19:44:50.410 [main] INFO  com.spider.ParseMusic163 - 等一分钟（Cover 徐誉滕）  陈思远
2018-04-02 19:44:50.410 [main] INFO  com.spider.ParseMusic163 - 西海情歌  刀郎
2018-04-02 19:44:50.411 [main] INFO  com.spider.ParseMusic163 - 兄弟抱一下  庞龙
2018-04-02 19:44:50.411 [main] INFO  com.spider.ParseMusic163 - 最幸福的人 DJ版  曾春年
2018-04-02 19:44:50.411 [main] INFO  com.spider.ParseMusic163 - 回忆总想哭  白宁/姜玉阳
2018-04-02 19:44:50.411 [main] INFO  com.spider.ParseMusic163 - 多想把你抱住  高进
2018-04-02 19:44:50.411 [main] INFO  com.spider.ParseMusic163 - 空空如也   任然
2018-04-02 19:44:50.411 [main] INFO  com.spider.ParseMusic163 - 起风了（Cover 高橋優）  买辣椒也用券
2018-04-02 19:44:50.440 [main] INFO  com.spider.ParseMusic163 - 愿做菩萨那朵莲  梅朵
2018-04-02 19:44:50.440 [main] INFO  com.spider.ParseMusic163 - 守候在凌晨两点的伤心秀吧  刀郎
2018-04-02 19:44:50.440 [main] INFO  com.spider.ParseMusic163 - 冲动的惩罚  刀郎
2018-04-02 19:44:50.441 [main] INFO  com.spider.ParseMusic163 - 听着情歌流眼泪  高进
2018-04-02 19:44:50.475 [main] INFO  com.spider.ParseMusic163 - 追光者（Cover 岑宁儿）  伦桑
2018-04-02 19:44:50.476 [main] INFO  com.spider.ParseMusic163 - 假如  信乐团
2018-04-02 19:44:50.476 [main] INFO  com.spider.ParseMusic163 - 风吹麦浪  李健/孙俪
2018-04-02 19:44:50.476 [main] INFO  com.spider.ParseMusic163 - 小宝贝快快睡  时翔云
2018-04-02 19:44:50.476 [main] INFO  com.spider.ParseMusic163 - 爱上你等于爱上错  张振宇
2018-04-02 19:44:50.476 [main] INFO  com.spider.ParseMusic163 - 夜空中最亮的星  逃跑计划
2018-04-02 19:44:50.476 [main] INFO  com.spider.ParseMusic163 - 差不多先生  姜良升
2018-04-02 19:44:50.476 [main] INFO  com.spider.ParseMusic163 - 差不多先生 (Live) - live  华晨宇
2018-04-02 19:44:50.476 [main] INFO  com.spider.ParseMusic163 - 当我孤独的时候还可以抱着你  群星
2018-04-02 19:44:50.477 [main] INFO  com.spider.ParseMusic163 - 离别的秋天  群星
2018-04-02 19:44:50.477 [main] INFO  com.spider.ParseMusic163 - 蓝莲花  许巍
2018-04-02 19:44:50.477 [main] INFO  com.spider.ParseMusic163 - 如果这都不算爱  张学友
2018-04-02 19:44:50.477 [main] INFO  com.spider.ParseMusic163 - 问天问地问自己  陈雅森
2018-04-02 19:44:50.477 [main] INFO  com.spider.ParseMusic163 - 用心良苦  张宇
2018-04-02 19:44:50.477 [main] INFO  com.spider.ParseMusic163 - 雨一直下 - (台视《情深到来生》片头主题曲)  张宇
2018-04-02 19:44:50.477 [main] INFO  com.spider.ParseMusic163 - 你会爱我到什么时候（Cover：陶钰玉）  林伊婕
2018-04-02 19:44:50.478 [main] INFO  com.spider.ParseMusic163 - 情一动心就痛  海生
2018-04-02 19:44:50.478 [main] INFO  com.spider.ParseMusic163 - 伤心的歌  高进
2018-04-02 19:44:50.478 [main] INFO  com.spider.ParseMusic163 - 黄玫瑰  黄灿
2018-04-02 19:44:50.478 [main] INFO  com.spider.ParseMusic163 - 父亲的草原母亲的河  云飞
2018-04-02 19:44:50.478 [main] INFO  com.spider.ParseMusic163 - 红昭愿  音阙诗听
2018-04-02 19:44:50.478 [main] INFO  com.spider.ParseMusic163 - 你 - (《孝庄秘史》主题曲)  刘晓
2018-04-02 19:44:50.478 [main] INFO  com.spider.ParseMusic163 - 天生一对 (DJ版)  天孪兄弟
2018-04-02 19:44:50.478 [main] INFO  com.spider.ParseMusic163 - 青青河边草 - (电视剧《青青河边草》主题曲)  高胜美
2018-04-02 19:44:50.479 [main] INFO  com.spider.ParseMusic163 - 草原的月亮  云飞
2018-04-02 19:44:50.479 [main] INFO  com.spider.ParseMusic163 - 遇上你是我的缘   阿鲁阿卓
2018-04-02 19:44:50.479 [main] INFO  com.spider.ParseMusic163 - 爱本无罪  汤潮/岳思思
2018-04-02 19:44:50.479 [main] INFO  com.spider.ParseMusic163 - 当我孤单的时候还可以抱着你  郑源
2018-04-02 19:44:50.479 [main] INFO  com.spider.ParseMusic163 - 火火的姑娘  东方红艳
2018-04-02 19:44:50.479 [main] INFO  com.spider.ParseMusic163 - 天籁之爱  阿鲁阿卓/泽旺多吉
2018-04-02 19:44:50.479 [main] INFO  com.spider.ParseMusic163 - 黄玫瑰  群星
2018-04-02 19:44:50.479 [main] INFO  com.spider.ParseMusic163 - 我们的歌谣  张玮伽
2018-04-02 19:44:50.502 [main] INFO  com.spider.ParseMusic163 - 你把爱情给了谁  冷漠
2018-04-02 19:44:50.503 [main] INFO  com.spider.ParseMusic163 - 怨苍天变了心  米雅
2018-04-02 19:44:50.503 [main] INFO  com.spider.ParseMusic163 - 心锁  冷漠
2018-04-02 19:44:50.503 [main] INFO  com.spider.ParseMusic163 - 爱江山更爱美人 (Live)  李丽芬
2018-04-02 19:44:50.503 [main] INFO  com.spider.ParseMusic163 - 一起走天涯   唐薇/樊少华
2018-04-02 19:44:50.503 [main] INFO  com.spider.ParseMusic163 - 一物降一物  门丽
2018-04-02 19:44:50.504 [main] INFO  com.spider.ParseMusic163 - 我的快乐就是想你  黄平
2018-04-02 19:44:50.504 [main] INFO  com.spider.ParseMusic163 - 全世界最伤心的人  陈少华
2018-04-02 19:44:50.504 [main] INFO  com.spider.ParseMusic163 - 你的选择  易欣
2018-04-02 19:44:50.504 [main] INFO  com.spider.ParseMusic163 - 算你狠  群星
2018-04-02 19:44:50.504 [main] INFO  com.spider.ParseMusic163 - 火红的萨日朗(夏日激情版)  乌兰托娅
2018-04-02 19:44:50.504 [main] INFO  com.spider.ParseMusic163 - 爱上别人的人  符号
2018-04-02 19:44:50.504 [main] INFO  com.spider.ParseMusic163 - 窗外  李琛
2018-04-02 19:44:50.504 [main] INFO  com.spider.ParseMusic163 - 我要去西藏  乌兰托娅
2018-04-02 19:44:50.505 [main] INFO  com.spider.ParseMusic163 - 为你等待  次仁央宗
2018-04-02 19:44:50.505 [main] INFO  com.spider.ParseMusic163 - 爱的思恋  晓敏
2018-04-02 19:44:50.505 [main] INFO  com.spider.ParseMusic163 - 闯天涯  赵真/司徒兰芳
2018-04-02 19:44:50.505 [main] INFO  com.spider.ParseMusic163 - 再多一次的温柔  蓝雨
2018-04-02 19:44:50.505 [main] INFO  com.spider.ParseMusic163 - 爱情在草原  夏兰
2018-04-02 19:44:50.505 [main] INFO  com.spider.ParseMusic163 - 最幸福的人  群星
2018-04-02 19:44:50.505 [main] INFO  com.spider.ParseMusic163 - 疯狂爱爱爱  群星
2018-04-02 19:44:50.505 [main] INFO  com.spider.ParseMusic163 - 生日礼物  江涛
2018-04-02 19:44:50.505 [main] INFO  com.spider.ParseMusic163 - 黄勇-带着天真去流浪（Alex.x Remix） - Alex.x Extended Mix  Alex.x
2018-04-02 19:44:50.506 [main] INFO  com.spider.ParseMusic163 - 再也没有  Ryan.B/AY楊佬叁
2018-04-02 19:44:50.506 [main] INFO  com.spider.ParseMusic163 - 远走高飞  金志文
2018-04-02 19:44:50.506 [main] INFO  com.spider.ParseMusic163 - 喝醉以后才明白  胡派
2018-04-02 19:44:50.506 [main] INFO  com.spider.ParseMusic163 - 歌在飞  苏勒亚其其格
2018-04-02 19:44:50.506 [main] INFO  com.spider.ParseMusic163 - 最后一次的温柔  蓝雨
2018-04-02 19:44:50.506 [main] INFO  com.spider.ParseMusic163 - 拉拉爱  邵雨涵
2018-04-02 19:44:50.506 [main] INFO  com.spider.ParseMusic163 - 笑红尘 - (电视剧《东方不败风云再起》插曲)  杜岩
2018-04-02 19:44:50.506 [main] INFO  com.spider.ParseMusic163 - 我要你 - (电影《驴得水》主题曲)  任素汐
2018-04-02 19:44:50.506 [main] INFO  com.spider.ParseMusic163 - 我不后悔  林志颖
2018-04-02 19:44:50.506 [main] INFO  com.spider.ParseMusic163 - 不管还有多少个明天  初百军
2018-04-02 19:44:50.507 [main] INFO  com.spider.ParseMusic163 - 酒神曲 - (电影《红高粱》插曲)  邹军
2018-04-02 19:44:50.507 [main] INFO  com.spider.ParseMusic163 - 爱情这杯酒谁喝都得醉 - (新版《古村女人》片尾曲)  闫旭
2018-04-02 19:44:50.507 [main] INFO  com.spider.ParseMusic163 - 被伤过的心还可以爱谁  六哲
2018-04-02 19:44:50.507 [main] INFO  com.spider.ParseMusic163 - 累了走了散了  六哲
2018-04-02 19:44:50.507 [main] INFO  com.spider.ParseMusic163 - 爱情专属权  龙猫组合
2018-04-02 19:44:50.507 [main] INFO  com.spider.ParseMusic163 - 想起你心里就暖暖的  张师羽
2018-04-02 19:44:50.507 [main] INFO  com.spider.ParseMusic163 - 梦醒时分  米雅
2018-04-02 19:44:50.507 [main] INFO  com.spider.ParseMusic163 - 爱上你等于爱上了错  张振宇
2018-04-02 19:44:50.507 [main] INFO  com.spider.ParseMusic163 - 盗心贼  黑龙
2018-04-02 19:44:50.507 [main] INFO  com.spider.ParseMusic163 - 羞答答的玫瑰静悄悄地开  方奕
2018-04-02 19:44:50.507 [main] INFO  com.spider.ParseMusic163 - Dream It Possible  Delacey
2018-04-02 19:44:50.507 [main] INFO  com.spider.ParseMusic163 - 真不是闹着玩  张冬玲/冷漠
2018-04-02 19:44:50.508 [main] INFO  com.spider.ParseMusic163 - 走过咖啡屋  米雅
2018-04-02 19:44:50.508 [main] INFO  com.spider.ParseMusic163 - 寂寞的人伤心的歌  龙梅子/杨海彪
2018-04-02 19:44:50.508 [main] INFO  com.spider.ParseMusic163 - 没了心的爱  任盈盈
2018-04-02 19:44:50.508 [main] INFO  com.spider.ParseMusic163 - 再度重相逢  孙露
2018-04-02 19:44:50.508 [main] INFO  com.spider.ParseMusic163 - 爱如星火  杨小曼
2018-04-02 19:44:50.508 [main] INFO  com.spider.ParseMusic163 - 孤单坠爱  林音
2018-04-02 19:44:50.508 [main] INFO  com.spider.ParseMusic163 - 迎着风（DJ版）  绪尘
2018-04-02 19:44:50.508 [main] INFO  com.spider.ParseMusic163 - 痒  黄龄
2018-04-02 19:44:50.508 [main] INFO  com.spider.ParseMusic163 - 都是兄弟 (DJ版)  浩天
2018-04-02 19:44:50.508 [main] INFO  com.spider.ParseMusic163 - 啷个哩个啷  鹏泊
2018-04-02 19:44:50.508 [main] INFO  com.spider.ParseMusic163 - 七月上  Jam
2018-04-02 19:44:50.508 [main] INFO  com.spider.ParseMusic163 - 匆匆那年 - (Fleet of Time)  王菲
2018-04-02 19:44:50.508 [main] INFO  com.spider.ParseMusic163 - 我是不是你最疼爱的人  张蔷
2018-04-02 19:44:50.509 [main] INFO  com.spider.ParseMusic163 - 风中有朵雨做的云  孟庭苇
2018-04-02 19:44:50.509 [main] INFO  com.spider.ParseMusic163 - 最亲爱亲爱的老婆  江湖
2018-04-02 19:44:50.509 [main] INFO  com.spider.ParseMusic163 - 懂你  满文军
2018-04-02 19:44:50.509 [main] INFO  com.spider.ParseMusic163 - 苦咖啡  冷漠
2018-04-02 19:44:50.509 [main] INFO  com.spider.ParseMusic163 - 不要再来伤害我  张振宇
2018-04-02 19:44:50.509 [main] INFO  com.spider.ParseMusic163 - 做你心上的人 - (微电影《下半生的幸福》主题曲)  唐古
2018-04-02 19:44:50.510 [main] INFO  com.spider.ParseMusic163 - 我要醉在草原上  孟文豪
2018-04-02 19:44:50.510 [main] INFO  com.spider.ParseMusic163 - 关不上的窗  周传雄
2018-04-02 19:44:50.510 [main] INFO  com.spider.ParseMusic163 - 暧昧  薛之谦
2018-04-02 19:44:50.510 [main] INFO  com.spider.ParseMusic163 - 有没有一首歌会让你想起我  周传雄
2018-04-02 19:44:50.510 [main] INFO  com.spider.ParseMusic163 - 想把我唱给你听  老狼/王婧
2018-04-02 19:44:50.512 [main] INFO  com.spider.ParseMusic163 - 多幸运  韩安旭
2018-04-02 19:44:50.512 [main] INFO  com.spider.ParseMusic163 - 温柔乡  陈雅森
2018-04-02 19:44:50.512 [main] INFO  com.spider.ParseMusic163 - 唱着情歌流着泪  祁隆
2018-04-02 19:44:50.512 [main] INFO  com.spider.ParseMusic163 - 把酒倒满  李晓杰
2018-04-02 19:44:50.512 [main] INFO  com.spider.ParseMusic163 - 让泪化作相思雨  南合文斗
2018-04-02 19:44:50.512 [main] INFO  com.spider.ParseMusic163 - 感动天感动地  宇桐非
2018-04-02 19:44:50.512 [main] INFO  com.spider.ParseMusic163 - 好姑娘  李晓杰
2018-04-02 19:44:50.512 [main] INFO  com.spider.ParseMusic163 - 我是一个被爱伤过的人  林峯
2018-04-02 19:44:50.512 [main] INFO  com.spider.ParseMusic163 - 有一种爱叫做放手  阿木
2018-04-02 19:44:50.512 [main] INFO  com.spider.ParseMusic163 - 一个人的寂寞两个人的错  贺一航
2018-04-02 19:44:50.513 [main] INFO  com.spider.ParseMusic163 - 死心塌地  夹子道
2018-04-02 19:44:50.513 [main] INFO  com.spider.ParseMusic163 - 该死的温柔  马天宇
2018-04-02 19:44:50.513 [main] INFO  com.spider.ParseMusic163 - 精忠报国 - (电视剧《三少爷的剑》片尾曲)  屠洪刚
2018-04-02 19:44:50.514 [main] INFO  com.spider.ParseMusic163 - 霸王别姬  屠洪刚
2018-04-02 19:44:50.514 [main] INFO  com.spider.ParseMusic163 - 月亮惹的祸  张宇
2018-04-02 19:44:50.514 [main] INFO  com.spider.ParseMusic163 - 追梦人  阿木
2018-04-02 19:44:50.514 [main] INFO  com.spider.ParseMusic163 - 漂亮的姑娘就要嫁人了  龙梅子/Mc老猫
2018-04-02 19:44:50.515 [main] INFO  com.spider.ParseMusic163 - 我的中国心  张明敏
2018-04-02 19:44:50.515 [main] INFO  com.spider.ParseMusic163 - 乡间的小路  群星
2018-04-02 19:44:50.515 [main] INFO  com.spider.ParseMusic163 - 童年  罗大佑
2018-04-02 19:44:50.515 [main] INFO  com.spider.ParseMusic163 - 世界上最伤心的人  常艾非
2018-04-02 19:44:50.515 [main] INFO  com.spider.ParseMusic163 - 在那遥远的地方  刀郎
2018-04-02 19:44:50.515 [main] INFO  com.spider.ParseMusic163 - 敢问路在何方  刀郎
2018-04-02 19:44:50.515 [main] INFO  com.spider.ParseMusic163 - 一千个伤心的理由  张学友
2018-04-02 19:44:50.515 [main] INFO  com.spider.ParseMusic163 - 黄昏  周传雄
2018-04-02 19:44:50.515 [main] INFO  com.spider.ParseMusic163 - 求佛  誓言
2018-04-02 19:44:50.515 [main] INFO  com.spider.ParseMusic163 - 丁香花  唐磊
2018-04-02 19:44:50.515 [main] INFO  com.spider.ParseMusic163 - 你怎么舍得我难过  黄品源
2018-04-02 19:44:50.515 [main] INFO  com.spider.ParseMusic163 - 你是我的玫瑰花  庞龙
2018-04-02 19:44:50.516 [main] INFO  com.spider.ParseMusic163 - 杯水情歌 - (电视剧《281封信》片尾曲)  庞龙
2018-04-02 19:44:50.516 [main] INFO  com.spider.ParseMusic163 - 美了美了  小沈阳/汤潮
2018-04-02 19:44:50.516 [main] INFO  com.spider.ParseMusic163 - 分手在那个秋天  浩瀚
2018-04-02 19:44:50.516 [main] INFO  com.spider.ParseMusic163 - 花开的时候来看我  张冬玲
2018-04-02 19:44:50.516 [main] INFO  com.spider.ParseMusic163 - 羞答答的玫瑰静悄悄地开  孟庭苇
2018-04-02 19:44:50.516 [main] INFO  com.spider.ParseMusic163 - 童话镇  陈一发儿
2018-04-02 19:44:50.516 [main] INFO  com.spider.ParseMusic163 - 曾经的你  许巍
2018-04-02 19:44:50.519 [main] INFO  com.spider.ParseMusic163 - 唐人 - (电视剧《唐朝好男人》主题曲)  孙子涵
2018-04-02 19:44:50.519 [main] INFO  com.spider.ParseMusic163 - 刚好遇见你  李玉刚
2018-04-02 19:44:50.520 [main] INFO  com.spider.ParseMusic163 - 痴心绝对 - (电视剧《爱上痞子男》主题曲)  李圣杰
2018-04-02 19:44:50.521 [main] INFO  com.spider.ParseMusic163 - 正义之道 - (电视剧《民兵葛二蛋》主题曲)  黄渤
2018-04-02 19:44:50.521 [main] INFO  com.spider.ParseMusic163 - 有多少爱可以重来  迪克牛仔
2018-04-02 19:44:50.521 [main] INFO  com.spider.ParseMusic163 - 一剪梅  费玉清
2018-04-02 19:44:50.521 [main] INFO  com.spider.ParseMusic163 - 爱情买卖 - (原唱：慕容晓晓)  费玉清
2018-04-02 19:44:50.521 [main] INFO  com.spider.ParseMusic163 - 单身情歌  林志炫
2018-04-02 19:44:50.521 [main] INFO  com.spider.ParseMusic163 - 悟空  戴荃
2018-04-02 19:44:50.521 [main] INFO  com.spider.ParseMusic163 - 梦醒时分  伍佰
2018-04-02 19:44:50.521 [main] INFO  com.spider.ParseMusic163 - 突然的自我  伍佰
2018-04-02 19:44:50.521 [main] INFO  com.spider.ParseMusic163 - 康定情歌  宋祖英/周杰伦/周华健
2018-04-02 19:44:50.521 [main] INFO  com.spider.ParseMusic163 - 你的样子  齐秦
2018-04-02 19:44:50.522 [main] INFO  com.spider.ParseMusic163 - 大约在冬季  齐秦
2018-04-02 19:44:50.522 [main] INFO  com.spider.ParseMusic163 - 像风一样自由  许巍
2018-04-02 19:44:50.522 [main] INFO  com.spider.ParseMusic163 - 同桌的你  老狼
2018-04-02 19:44:50.522 [main] INFO  com.spider.ParseMusic163 - 秋天不回来  王强
2018-04-02 19:44:50.522 [main] INFO  com.spider.ParseMusic163 - 把悲伤留给自己  常石磊
2018-04-02 19:44:50.522 [main] INFO  com.spider.ParseMusic163 - 爱情鸟  林依轮
2018-04-02 19:44:50.522 [main] INFO  com.spider.ParseMusic163 - 带着天真去流浪  黄勇
2018-04-02 19:44:50.522 [main] INFO  com.spider.ParseMusic163 - 勇敢勇敢  黄勇
2018-04-02 19:44:50.522 [main] INFO  com.spider.ParseMusic163 - 林中鸟  葛林
2018-04-02 19:44:50.522 [main] INFO  com.spider.ParseMusic163 - 坐上火车去拉萨  徐千雅
2018-04-02 19:44:50.522 [main] INFO  com.spider.ParseMusic163 - 小花  百慕三石
2018-04-02 20:15:00.008 [main] INFO  com.spider.ParseMusic163 - 通过class属性找到了1个播放列表.
2018-04-02 20:15:00.012 [main] INFO  com.spider.ParseMusic163 - 通过class属性找到了唯一的播放列表!解析播放列表成功!
2018-04-02 20:16:13.528 [main] INFO  com.spider.ParseMusic163 - 通过class属性找到了1个播放列表.
2018-04-02 20:16:13.532 [main] INFO  com.spider.ParseMusic163 - 通过class属性找到了唯一的播放列表!解析播放列表成功!
